build/outputs/logs/manifest-merger-debug-report.txt
-- Merging decision tree log ---
manifest
ADDED from filter\AndroidManifest.xml:2:1-24:12
	package
		ADDED from filter\AndroidManifest.xml:3:5-28
	xmlns:android
		ADDED from filter\AndroidManifest.xml:2:11-69
uses-sdk
ADDED from filter\AndroidManifest.xml:5:5-7:41
	android:targetSdkVersion
		ADDED from filter\AndroidManifest.xml:7:9-38
	android:minSdkVersion
		ADDED from filter\AndroidManifest.xml:6:9-34
application
ADDED from filter\AndroidManifest.xml:9:5-22:19
	android:label
		ADDED from filter\AndroidManifest.xml:12:9-41
	android:supportsRtl
		ADDED from filter\AndroidManifest.xml:13:9-35
	android:allowBackup
		ADDED from filter\AndroidManifest.xml:10:9-35
	android:icon
		ADDED from filter\AndroidManifest.xml:11:9-45
	android:theme
		ADDED from filter\AndroidManifest.xml:14:9-40
activity#lx.com.filter.activity.MainActivity
ADDED from filter\AndroidManifest.xml:15:9-21:20
	android:name
		ADDED from filter\AndroidManifest.xml:15:19-56
intent-filter#android.intent.action.MAIN+android.intent.category.LAUNCHER
ADDED from filter\AndroidManifest.xml:16:13-20:29
action#android.intent.action.MAIN
ADDED from filter\AndroidManifest.xml:17:17-69
	android:name
		ADDED from filter\AndroidManifest.xml:17:25-66
category#android.intent.category.LAUNCHER
ADDED from filter\AndroidManifest.xml:19:17-77
	android:name
		ADDED from filter\AndroidManifest.xml:19:27-74